<?xml version="1.0" encoding="UTF-8"?>
<!-- Generated by org.testng.reporters.JUnitXMLReporter -->
<testsuite ignored="0" hostname="LAPTOP-OOJD2GM0" failures="1" tests="1" name="Test" time="0.094" errors="0" timestamp="2022-11-11T18:00:43 IST">
  <testcase classname="testFiles.tests.LoginPageTest" name="getlaunchApplication" time="0.0">
    <failure type="org.testng.TestNGException" message="
Method public void testFiles.tests.LoginPageTest.getlaunchApplication(java.util.HashMap) throws java.io.IOException,java.lang.InterruptedException requires a @DataProvider named : getData">
      <![CDATA[org.testng.TestNGException: 
Method public void testFiles.tests.LoginPageTest.getlaunchApplication(java.util.HashMap) throws java.io.IOException,java.lang.InterruptedException requires a @DataProvider named : getData
at java.base/java.util.ArrayList.forEach(ArrayList.java:1511)
... Removed 24 stack frames]]>
    </failure>
  </testcase> <!-- getlaunchApplication -->
</testsuite> <!-- Test -->
